<?xml version="1.0" encoding="UTF-8"?>
<!-- Generated by org.testng.reporters.JUnitReportReporter -->
<testsuite hostname="LAPTOP-0VDO5D5M" failures="0" tests="2" name="GROUP.CreateCampaign1" time="18.455" errors="0" timestamp="2024-12-05T11:31:35 IST" skipped="0">
  <testcase classname="GROUP.CreateCampaign1" name="m1" time="6.375"/>
  <system-out/>
  <testcase classname="GROUP.CreateCampaign1" name="createCampaignTest" time="12.080"/>
  <system-out/>
</testsuite> <!-- GROUP.CreateCampaign1 -->
