<?xml version="1.0" encoding="UTF-8"?>
<!-- Generated by org.testng.reporters.JUnitReportReporter -->
<testsuite hostname="LAPTOP-0VDO5D5M" failures="0" tests="3" name="TestNG.DataProviderEx2" time="72.706" errors="0" timestamp="2024-11-30T12:23:08 IST" skipped="0">
  <testcase classname="TestNG.DataProviderEx2" name="createOrganization" time="20.087"/>
  <system-out/>
  <testcase classname="TestNG.DataProviderEx2" name="createOrganization" time="31.143"/>
  <system-out/>
  <testcase classname="TestNG.DataProviderEx2" name="createOrganization" time="21.476"/>
  <system-out/>
</testsuite> <!-- TestNG.DataProviderEx2 -->
