<?xml version="1.0" encoding="UTF-8"?>
<!-- Generated by org.testng.reporters.JUnitReportReporter -->
<testsuite hostname="LAPTOP-0VDO5D5M" failures="0" tests="1" name="GROUP.AddProducttoCampaign" time="21.919" errors="0" timestamp="2024-12-05T11:31:35 IST" skipped="0">
  <testcase classname="GROUP.AddProducttoCampaign" name="AddProductToCampaignTest" time="21.919"/>
  <system-out/>
</testsuite> <!-- GROUP.AddProducttoCampaign -->
