<?xml version="1.0" encoding="UTF-8"?>
<!-- Generated by org.testng.reporters.JUnitReportReporter -->
<testsuite hostname="LAPTOP-0VDO5D5M" failures="0" tests="1" name="ASSERTION_VTIGER.AddProducttoCampaign" time="20.719" errors="0" timestamp="2024-12-11T11:08:58 IST" skipped="0">
  <testcase classname="ASSERTION_VTIGER.AddProducttoCampaign" name="campaignTest" time="20.719"/>
  <system-out/>
</testsuite> <!-- ASSERTION_VTIGER.AddProducttoCampaign -->
