<?xml version="1.0" encoding="UTF-8"?>
<!-- Generated by org.testng.reporters.JUnitReportReporter -->
<testsuite hostname="LAPTOP-0VDO5D5M" failures="0" tests="3" name="TestNG.Script2Test" time="0.036" errors="0" timestamp="2024-11-29T12:17:52 IST" skipped="0">
  <testcase classname="TestNG.Script2Test" name="deleteProduct" time="0.029"/>
  <system-out/>
  <testcase classname="TestNG.Script2Test" name="createProduct" time="0.004"/>
  <system-out/>
  <testcase classname="TestNG.Script2Test" name="modifyProduct" time="0.003"/>
  <system-out/>
</testsuite> <!-- TestNG.Script2Test -->
