<?xml version="1.0" encoding="UTF-8"?>
<!-- Generated by org.testng.reporters.JUnitReportReporter -->
<testsuite hostname="LAPTOP-0VDO5D5M" failures="0" tests="1" name="TESTSUITE.CreateOrganization1" time="13.037" errors="0" timestamp="2024-12-09T17:26:15 IST" skipped="0">
  <testcase classname="TESTSUITE.CreateOrganization1" name="CreateOrganizationTest" time="13.037"/>
  <system-out/>
</testsuite> <!-- TESTSUITE.CreateOrganization1 -->
