<?xml version="1.0" encoding="UTF-8"?>
<!-- Generated by org.testng.reporters.JUnitReportReporter -->
<testsuite hostname="LAPTOP-0VDO5D5M" failures="0" tests="3" name="TestNG.Script1Test" time="0.030" errors="0" timestamp="2024-11-29T12:08:15 IST" skipped="0">
  <testcase classname="TestNG.Script1Test" name="deleteProduct" time="0.004"/>
  <system-out/>
  <testcase classname="TestNG.Script1Test" name="createProduct" time="0.024"/>
  <system-out/>
  <testcase classname="TestNG.Script1Test" name="modifyProduct" time="0.002"/>
  <system-out/>
</testsuite> <!-- TestNG.Script1Test -->
