<?xml version="1.0" encoding="UTF-8"?>
<!-- Generated by org.testng.reporters.JUnitReportReporter -->
<testsuite hostname="LAPTOP-0VDO5D5M" failures="0" tests="1" name="CROSSBROWSER.CreateOrganization1" time="34.538" errors="0" timestamp="2024-12-05T12:43:44 IST" skipped="0">
  <testcase classname="CROSSBROWSER.CreateOrganization1" name="CreateOrganizationTest" time="34.538"/>
  <system-out/>
</testsuite> <!-- CROSSBROWSER.CreateOrganization1 -->
