<?xml version="1.0" encoding="UTF-8"?>
<!-- Generated by org.testng.reporters.JUnitReportReporter -->
<testsuite hostname="LAPTOP-0VDO5D5M" failures="0" tests="1" name="CAMPAIGN.CreateCampaign1" time="25.562" errors="0" timestamp="2024-12-03T11:36:25 IST" skipped="0">
  <testcase classname="CAMPAIGN.CreateCampaign1" name="createCampaignTest" time="25.562"/>
  <system-out/>
</testsuite> <!-- CAMPAIGN.CreateCampaign1 -->
