<?xml version="1.0" encoding="UTF-8"?>
<!-- Generated by org.testng.reporters.JUnitReportReporter -->
<testsuite hostname="LAPTOP-0VDO5D5M" failures="0" tests="1" name="TESTSUITE.AddProducttoCampaign" time="23.000" errors="0" timestamp="2024-12-09T17:26:15 IST" skipped="0">
  <testcase classname="TESTSUITE.AddProducttoCampaign" name="campaignTest" time="23.000"/>
  <system-out/>
</testsuite> <!-- TESTSUITE.AddProducttoCampaign -->
