<?xml version="1.0" encoding="UTF-8"?>
<!-- Generated by org.testng.reporters.JUnitReportReporter -->
<testsuite hostname="LAPTOP-0VDO5D5M" failures="0" tests="1" name="CROSSBROWSER.AddProducttoCampaign" time="23.720" errors="0" timestamp="2024-12-05T12:43:44 IST" skipped="0">
  <testcase classname="CROSSBROWSER.AddProducttoCampaign" name="campaignTest" time="23.720"/>
  <system-out/>
</testsuite> <!-- CROSSBROWSER.AddProducttoCampaign -->
