<?xml version="1.0" encoding="UTF-8"?>
<!-- Generated by org.testng.reporters.JUnitReportReporter -->
<testsuite hostname="LAPTOP-0VDO5D5M" failures="0" tests="1" name="ASSERTION_VTIGER.CreateOrganization1" time="14.443" errors="0" timestamp="2024-12-11T11:30:12 IST" skipped="0">
  <testcase classname="ASSERTION_VTIGER.CreateOrganization1" name="CreateOrganizationTest" time="14.443"/>
  <system-out/>
</testsuite> <!-- ASSERTION_VTIGER.CreateOrganization1 -->
