<?xml version="1.0" encoding="UTF-8"?>
<!-- Generated by org.testng.reporters.JUnitReportReporter -->
<testsuite hostname="LAPTOP-0VDO5D5M" failures="0" tests="3" name="TestNG.Script4Test" time="0.020" errors="0" timestamp="2024-11-29T12:41:18 IST" skipped="1">
  <testcase classname="TestNG.Script4Test" name="createProduct" time="0.018"/>
  <system-out/>
  <testcase classname="TestNG.Script4Test" name="deleteProduct" time="0.002"/>
  <system-out/>
  <testcase classname="TestNG.Script4Test" name="modifyProduct">
    <skipped/>
  </testcase> <!-- modifyProduct -->
  <system-out/>
</testsuite> <!-- TestNG.Script4Test -->
