<?xml version="1.0" encoding="UTF-8"?>
<!-- Generated by org.testng.reporters.JUnitReportReporter -->
<testsuite hostname="LAPTOP-0VDO5D5M" failures="0" tests="7" name="TestNG.Script5Test" time="0.044" errors="0" timestamp="2024-11-29T12:43:41 IST" skipped="0">
  <testcase classname="TestNG.Script5Test" name="modifyProduct" time="0.002"/>
  <system-out/>
  <testcase classname="TestNG.Script5Test" name="modifyProduct" time="0.003"/>
  <system-out/>
  <testcase classname="TestNG.Script5Test" name="modifyProduct" time="0.002"/>
  <system-out/>
  <testcase classname="TestNG.Script5Test" name="createProduct" time="0.027"/>
  <system-out/>
  <testcase classname="TestNG.Script5Test" name="deleteProduct" time="0.006"/>
  <system-out/>
  <testcase classname="TestNG.Script5Test" name="modifyProduct" time="0.003"/>
  <system-out/>
  <testcase classname="TestNG.Script5Test" name="modifyProduct" time="0.001"/>
  <system-out/>
</testsuite> <!-- TestNG.Script5Test -->
