<?xml version="1.0" encoding="UTF-8"?>
<!-- Generated by org.testng.reporters.JUnitReportReporter -->
<testsuite hostname="LAPTOP-0VDO5D5M" failures="0" tests="1" name="GROUP.CreateOrganization1" time="15.235" errors="0" timestamp="2024-12-05T11:31:35 IST" skipped="0">
  <testcase classname="GROUP.CreateOrganization1" name="CreateOrganizationTest" time="15.235"/>
  <system-out/>
</testsuite> <!-- GROUP.CreateOrganization1 -->
