<?xml version="1.0" encoding="UTF-8"?>
<!-- Generated by org.testng.reporters.JUnitReportReporter -->
<testsuite hostname="LAPTOP-0VDO5D5M" failures="0" tests="1" name="GROUP.CreateProduct" time="15.085" errors="0" timestamp="2024-12-05T11:31:35 IST" skipped="0">
  <testcase classname="GROUP.CreateProduct" name="CreateProductTest" time="15.085"/>
  <system-out/>
</testsuite> <!-- GROUP.CreateProduct -->
