<?xml version="1.0" encoding="UTF-8"?>
<!-- Generated by org.testng.reporters.JUnitReportReporter -->
<testsuite hostname="LAPTOP-0VDO5D5M" failures="0" tests="3" name="TestNG.Script3Test" time="0.027" errors="0" timestamp="2024-12-04T11:20:52 IST" skipped="0">
  <testcase classname="TestNG.Script3Test" name="modifyProduct" time="0.002"/>
  <system-out/>
  <testcase classname="TestNG.Script3Test" name="deleteProduct" time="0.002"/>
  <system-out/>
  <testcase classname="TestNG.Script3Test" name="createProduct" time="0.023"/>
  <system-out/>
</testsuite> <!-- TestNG.Script3Test -->
