<?xml version="1.0" encoding="UTF-8"?>
<!-- Generated by org.testng.reporters.JUnitReportReporter -->
<testsuite hostname="LAPTOP-0VDO5D5M" failures="0" tests="2" name="CROSSBROWSER.CreateCampaign1" time="46.907" errors="0" timestamp="2024-12-05T12:43:44 IST" skipped="0">
  <testcase classname="CROSSBROWSER.CreateCampaign1" name="createCampaignTest" time="35.933"/>
  <system-out/>
  <testcase classname="CROSSBROWSER.CreateCampaign1" name="m1" time="10.974"/>
  <system-out/>
</testsuite> <!-- CROSSBROWSER.CreateCampaign1 -->
