<?xml version="1.0" encoding="UTF-8"?>
<!-- Generated by org.testng.reporters.JUnitReportReporter -->
<testsuite hostname="LAPTOP-0VDO5D5M" failures="0" tests="3" name="TestNG.DataProviderEX" time="0.020" errors="0" timestamp="2024-11-30T11:29:45 IST" skipped="0">
  <testcase classname="TestNG.DataProviderEX" name="bookTickets" time="0.003"/>
  <system-out/>
  <testcase classname="TestNG.DataProviderEX" name="bookTickets" time="0.002"/>
  <system-out/>
  <testcase classname="TestNG.DataProviderEX" name="bookTickets" time="0.015"/>
  <system-out/>
</testsuite> <!-- TestNG.DataProviderEX -->
