<?xml version="1.0" encoding="UTF-8"?>
<!-- Generated by org.testng.reporters.JUnitReportReporter -->
<testsuite hostname="LAPTOP-0VDO5D5M" failures="0" tests="3" name="TestNG.DataProviderOrganization" time="66.086" errors="0" timestamp="2024-12-02T11:53:21 IST" skipped="0">
  <testcase classname="TestNG.DataProviderOrganization" name="createOrganization" time="23.934"/>
  <system-out/>
  <testcase classname="TestNG.DataProviderOrganization" name="createOrganization" time="17.717"/>
  <system-out/>
  <testcase classname="TestNG.DataProviderOrganization" name="createOrganization" time="24.435"/>
  <system-out/>
</testsuite> <!-- TestNG.DataProviderOrganization -->
