<?xml version="1.0" encoding="UTF-8"?>
<!-- Generated by org.testng.reporters.JUnitReportReporter -->
<testsuite hostname="LAPTOP-0VDO5D5M" failures="0" tests="2" name="TESTSUITE.CreateCampaign1" time="17.542" errors="0" timestamp="2024-12-09T17:26:15 IST" skipped="0">
  <testcase classname="TESTSUITE.CreateCampaign1" name="m1" time="3.624"/>
  <system-out/>
  <testcase classname="TESTSUITE.CreateCampaign1" name="createCampaignTest" time="13.918"/>
  <system-out/>
</testsuite> <!-- TESTSUITE.CreateCampaign1 -->
